[INFO] main.py:42 > Set the device (cuda)
[INFO] main.py:97 > set train/test datalist for the current task!
[INFO] finetune.py:98 > Apply before_task
[INFO] finetune.py:102 > Increasing fc layer:  0  ---->  20
[INFO] finetune.py:121 > Reset the optimizer and scheduler states
[INFO] iCaRL.py:39 > ##########Start Training##########
[INFO] iCaRL.py:48 > New training samples: 10000
[INFO] iCaRL.py:49 > In-memory samples: 0
[INFO] iCaRL.py:50 > Train samples: 10000
[INFO] iCaRL.py:51 > Test samples: 2000
[INFO] iCaRL.py:84 > Task 0 | Epoch 1/30 | lr 0.1000 | train_loss 2.9287 | train_acc 0.2036 | test_loss 2.5936 | test_acc 0.2835 |
[INFO] iCaRL.py:84 > Task 0 | Epoch 2/30 | lr 0.1000 | train_loss 2.1346 | train_acc 0.3470 | test_loss 2.1237 | test_acc 0.3940 |
[INFO] iCaRL.py:84 > Task 0 | Epoch 3/30 | lr 0.0505 | train_loss 1.7828 | train_acc 0.4413 | test_loss 1.7210 | test_acc 0.4685 |
[INFO] iCaRL.py:84 > Task 0 | Epoch 4/30 | lr 0.1000 | train_loss 1.7664 | train_acc 0.4488 | test_loss 1.8024 | test_acc 0.4525 |
[INFO] iCaRL.py:84 > Task 0 | Epoch 5/30 | lr 0.0855 | train_loss 1.6047 | train_acc 0.4921 | test_loss 1.5686 | test_acc 0.5210 |
[INFO] iCaRL.py:84 > Task 0 | Epoch 6/30 | lr 0.0505 | train_loss 1.3800 | train_acc 0.5578 | test_loss 1.4736 | test_acc 0.5355 |
[INFO] iCaRL.py:84 > Task 0 | Epoch 7/30 | lr 0.0155 | train_loss 1.1796 | train_acc 0.6176 | test_loss 1.3266 | test_acc 0.5825 |
[INFO] iCaRL.py:84 > Task 0 | Epoch 8/30 | lr 0.1000 | train_loss 1.3776 | train_acc 0.5579 | test_loss 1.6078 | test_acc 0.5365 |
[INFO] iCaRL.py:84 > Task 0 | Epoch 9/30 | lr 0.0962 | train_loss 1.2691 | train_acc 0.5863 | test_loss 1.5259 | test_acc 0.5515 |
[INFO] iCaRL.py:84 > Task 0 | Epoch 10/30 | lr 0.0855 | train_loss 1.1263 | train_acc 0.6283 | test_loss 1.4032 | test_acc 0.5920 |
[INFO] iCaRL.py:84 > Task 0 | Epoch 11/30 | lr 0.0694 | train_loss 0.9841 | train_acc 0.6736 | test_loss 1.3347 | test_acc 0.6100 |
[INFO] iCaRL.py:84 > Task 0 | Epoch 12/30 | lr 0.0505 | train_loss 0.8566 | train_acc 0.7153 | test_loss 1.2044 | test_acc 0.6460 |
[INFO] iCaRL.py:84 > Task 0 | Epoch 13/30 | lr 0.0316 | train_loss 0.7326 | train_acc 0.7578 | test_loss 1.0458 | test_acc 0.6965 |
[INFO] iCaRL.py:84 > Task 0 | Epoch 14/30 | lr 0.0155 | train_loss 0.6311 | train_acc 0.7929 | test_loss 1.0128 | test_acc 0.7030 |
[INFO] iCaRL.py:84 > Task 0 | Epoch 15/30 | lr 0.0048 | train_loss 0.5746 | train_acc 0.8155 | test_loss 0.9709 | test_acc 0.7205 |
[INFO] iCaRL.py:84 > Task 0 | Epoch 16/30 | lr 0.1000 | train_loss 0.9276 | train_acc 0.6995 | test_loss 1.4622 | test_acc 0.5630 |
[INFO] iCaRL.py:84 > Task 0 | Epoch 17/30 | lr 0.0990 | train_loss 0.8651 | train_acc 0.7132 | test_loss 1.4103 | test_acc 0.6160 |
[INFO] iCaRL.py:84 > Task 0 | Epoch 18/30 | lr 0.0962 | train_loss 0.7898 | train_acc 0.7339 | test_loss 1.3650 | test_acc 0.6145 |
[INFO] iCaRL.py:84 > Task 0 | Epoch 19/30 | lr 0.0917 | train_loss 0.7236 | train_acc 0.7551 | test_loss 1.1318 | test_acc 0.6805 |
[INFO] iCaRL.py:84 > Task 0 | Epoch 20/30 | lr 0.0855 | train_loss 0.6313 | train_acc 0.7864 | test_loss 1.1263 | test_acc 0.6725 |
[INFO] iCaRL.py:84 > Task 0 | Epoch 21/30 | lr 0.0780 | train_loss 0.5473 | train_acc 0.8156 | test_loss 1.1838 | test_acc 0.6755 |
[INFO] iCaRL.py:84 > Task 0 | Epoch 22/30 | lr 0.0694 | train_loss 0.4792 | train_acc 0.8386 | test_loss 1.0613 | test_acc 0.7200 |
[INFO] iCaRL.py:84 > Task 0 | Epoch 23/30 | lr 0.0602 | train_loss 0.4035 | train_acc 0.8640 | test_loss 1.0886 | test_acc 0.7155 |
[INFO] iCaRL.py:84 > Task 0 | Epoch 24/30 | lr 0.0505 | train_loss 0.3556 | train_acc 0.8803 | test_loss 1.1360 | test_acc 0.6995 |
[INFO] iCaRL.py:84 > Task 0 | Epoch 25/30 | lr 0.0408 | train_loss 0.2842 | train_acc 0.9052 | test_loss 1.0085 | test_acc 0.7315 |
[INFO] iCaRL.py:84 > Task 0 | Epoch 26/30 | lr 0.0316 | train_loss 0.2290 | train_acc 0.9266 | test_loss 0.9355 | test_acc 0.7530 |
[INFO] iCaRL.py:84 > Task 0 | Epoch 27/30 | lr 0.0230 | train_loss 0.1845 | train_acc 0.9428 | test_loss 0.9421 | test_acc 0.7590 |
[INFO] iCaRL.py:84 > Task 0 | Epoch 28/30 | lr 0.0155 | train_loss 0.1551 | train_acc 0.9562 | test_loss 0.9117 | test_acc 0.7680 |
[INFO] iCaRL.py:84 > Task 0 | Epoch 29/30 | lr 0.0093 | train_loss 0.1338 | train_acc 0.9633 | test_loss 0.9136 | test_acc 0.7695 |
[INFO] iCaRL.py:84 > Task 0 | Epoch 30/30 | lr 0.0048 | train_loss 0.1147 | train_acc 0.9703 | test_loss 0.9187 | test_acc 0.7690 |
[INFO] iCaRL.py:106 > ############### reduce exemplar set ###############
[INFO] iCaRL.py:111 > ############### construct exemplar set ###############
[INFO] iCaRL.py:116 > ############### caculate exemplar mean ###############
[INFO] iCaRL.py:121 > ########## evaluate using nearest mean exempalrs classification ##########
[INFO] iCaRL.py:197 > total accuracy:68.350%
[INFO] main.py:97 > set train/test datalist for the current task!
[INFO] finetune.py:98 > Apply before_task
[INFO] finetune.py:102 > Increasing fc layer:  20  ---->  40
[INFO] finetune.py:121 > Reset the optimizer and scheduler states
[INFO] iCaRL.py:39 > ##########Start Training##########
[INFO] iCaRL.py:48 > New training samples: 10000
[INFO] iCaRL.py:49 > In-memory samples: 2000
[INFO] iCaRL.py:50 > Train samples: 12000
[INFO] iCaRL.py:51 > Test samples: 4000
[INFO] iCaRL.py:84 > Task 1 | Epoch 1/30 | lr 0.1000 | train_loss 1.7832 | train_acc 0.5145 | test_loss 1.9220 | test_acc 0.4945 |
[INFO] iCaRL.py:84 > Task 1 | Epoch 2/30 | lr 0.1000 | train_loss 1.0774 | train_acc 0.6646 | test_loss 1.6907 | test_acc 0.5473 |
[INFO] iCaRL.py:84 > Task 1 | Epoch 3/30 | lr 0.0505 | train_loss 0.7996 | train_acc 0.7444 | test_loss 1.4627 | test_acc 0.6092 |
[INFO] iCaRL.py:84 > Task 1 | Epoch 4/30 | lr 0.1000 | train_loss 0.8366 | train_acc 0.7304 | test_loss 2.0966 | test_acc 0.5072 |
[INFO] iCaRL.py:84 > Task 1 | Epoch 5/30 | lr 0.0855 | train_loss 0.6967 | train_acc 0.7693 | test_loss 1.5387 | test_acc 0.5895 |
[INFO] iCaRL.py:84 > Task 1 | Epoch 6/30 | lr 0.0505 | train_loss 0.5396 | train_acc 0.8254 | test_loss 1.4074 | test_acc 0.6302 |
[INFO] iCaRL.py:84 > Task 1 | Epoch 7/30 | lr 0.0155 | train_loss 0.3891 | train_acc 0.8758 | test_loss 1.2550 | test_acc 0.6620 |
[INFO] iCaRL.py:84 > Task 1 | Epoch 8/30 | lr 0.1000 | train_loss 0.5995 | train_acc 0.8013 | test_loss 1.8830 | test_acc 0.5540 |
[INFO] iCaRL.py:84 > Task 1 | Epoch 9/30 | lr 0.0962 | train_loss 0.5809 | train_acc 0.8080 | test_loss 1.6225 | test_acc 0.5952 |
[INFO] iCaRL.py:84 > Task 1 | Epoch 10/30 | lr 0.0855 | train_loss 0.4842 | train_acc 0.8395 | test_loss 1.7447 | test_acc 0.5980 |
[INFO] iCaRL.py:84 > Task 1 | Epoch 11/30 | lr 0.0694 | train_loss 0.3743 | train_acc 0.8789 | test_loss 1.4423 | test_acc 0.6450 |
[INFO] iCaRL.py:84 > Task 1 | Epoch 12/30 | lr 0.0505 | train_loss 0.2698 | train_acc 0.9110 | test_loss 1.4019 | test_acc 0.6555 |
[INFO] iCaRL.py:84 > Task 1 | Epoch 13/30 | lr 0.0316 | train_loss 0.1884 | train_acc 0.9422 | test_loss 1.3233 | test_acc 0.6780 |
[INFO] iCaRL.py:84 > Task 1 | Epoch 14/30 | lr 0.0155 | train_loss 0.1447 | train_acc 0.9598 | test_loss 1.3215 | test_acc 0.6810 |
[INFO] iCaRL.py:84 > Task 1 | Epoch 15/30 | lr 0.0048 | train_loss 0.1173 | train_acc 0.9701 | test_loss 1.2965 | test_acc 0.6873 |
[INFO] iCaRL.py:84 > Task 1 | Epoch 16/30 | lr 0.1000 | train_loss 0.3362 | train_acc 0.8844 | test_loss 2.2313 | test_acc 0.5545 |
[INFO] iCaRL.py:84 > Task 1 | Epoch 17/30 | lr 0.0990 | train_loss 0.4378 | train_acc 0.8515 | test_loss 2.0332 | test_acc 0.5780 |
[INFO] iCaRL.py:84 > Task 1 | Epoch 18/30 | lr 0.0962 | train_loss 0.3565 | train_acc 0.8788 | test_loss 1.6218 | test_acc 0.6310 |
[INFO] iCaRL.py:84 > Task 1 | Epoch 19/30 | lr 0.0917 | train_loss 0.2957 | train_acc 0.8993 | test_loss 1.6604 | test_acc 0.6248 |
[INFO] iCaRL.py:84 > Task 1 | Epoch 20/30 | lr 0.0855 | train_loss 0.2431 | train_acc 0.9178 | test_loss 1.6697 | test_acc 0.6258 |
[INFO] iCaRL.py:84 > Task 1 | Epoch 21/30 | lr 0.0780 | train_loss 0.1918 | train_acc 0.9352 | test_loss 1.6921 | test_acc 0.6382 |
[INFO] iCaRL.py:84 > Task 1 | Epoch 22/30 | lr 0.0694 | train_loss 0.1335 | train_acc 0.9572 | test_loss 1.5602 | test_acc 0.6645 |
[INFO] iCaRL.py:84 > Task 1 | Epoch 23/30 | lr 0.0602 | train_loss 0.0985 | train_acc 0.9687 | test_loss 1.5835 | test_acc 0.6677 |
[INFO] iCaRL.py:84 > Task 1 | Epoch 24/30 | lr 0.0505 | train_loss 0.0729 | train_acc 0.9788 | test_loss 1.5018 | test_acc 0.6745 |
[INFO] iCaRL.py:84 > Task 1 | Epoch 25/30 | lr 0.0408 | train_loss 0.0544 | train_acc 0.9861 | test_loss 1.4722 | test_acc 0.6867 |
[INFO] iCaRL.py:84 > Task 1 | Epoch 26/30 | lr 0.0316 | train_loss 0.0410 | train_acc 0.9902 | test_loss 1.4983 | test_acc 0.6840 |
[INFO] iCaRL.py:84 > Task 1 | Epoch 27/30 | lr 0.0230 | train_loss 0.0336 | train_acc 0.9919 | test_loss 1.4754 | test_acc 0.6913 |
[INFO] iCaRL.py:84 > Task 1 | Epoch 28/30 | lr 0.0155 | train_loss 0.0281 | train_acc 0.9945 | test_loss 1.4761 | test_acc 0.6893 |
[INFO] iCaRL.py:84 > Task 1 | Epoch 29/30 | lr 0.0093 | train_loss 0.0246 | train_acc 0.9963 | test_loss 1.4609 | test_acc 0.6935 |
[INFO] iCaRL.py:84 > Task 1 | Epoch 30/30 | lr 0.0048 | train_loss 0.0235 | train_acc 0.9961 | test_loss 1.4629 | test_acc 0.6925 |
[INFO] iCaRL.py:106 > ############### reduce exemplar set ###############
[INFO] iCaRL.py:111 > ############### construct exemplar set ###############
[INFO] iCaRL.py:116 > ############### caculate exemplar mean ###############
[INFO] iCaRL.py:121 > ########## evaluate using nearest mean exempalrs classification ##########
[INFO] iCaRL.py:197 > total accuracy:66.525%
[INFO] main.py:97 > set train/test datalist for the current task!
[INFO] finetune.py:98 > Apply before_task
[INFO] finetune.py:102 > Increasing fc layer:  40  ---->  60
[INFO] finetune.py:121 > Reset the optimizer and scheduler states
[INFO] iCaRL.py:39 > ##########Start Training##########
[INFO] iCaRL.py:48 > New training samples: 10000
[INFO] iCaRL.py:49 > In-memory samples: 2000
[INFO] iCaRL.py:50 > Train samples: 12000
[INFO] iCaRL.py:51 > Test samples: 6000
[INFO] iCaRL.py:84 > Task 2 | Epoch 1/30 | lr 0.1000 | train_loss 2.0573 | train_acc 0.4880 | test_loss 2.6611 | test_acc 0.4197 |
[INFO] iCaRL.py:84 > Task 2 | Epoch 2/30 | lr 0.1000 | train_loss 1.1273 | train_acc 0.6522 | test_loss 2.1769 | test_acc 0.4848 |
[INFO] iCaRL.py:84 > Task 2 | Epoch 3/30 | lr 0.0505 | train_loss 0.8107 | train_acc 0.7491 | test_loss 2.0204 | test_acc 0.5258 |
[INFO] iCaRL.py:84 > Task 2 | Epoch 4/30 | lr 0.1000 | train_loss 0.8420 | train_acc 0.7324 | test_loss 2.5729 | test_acc 0.4482 |
[INFO] iCaRL.py:84 > Task 2 | Epoch 5/30 | lr 0.0855 | train_loss 0.7146 | train_acc 0.7683 | test_loss 2.0775 | test_acc 0.5335 |
[INFO] iCaRL.py:84 > Task 2 | Epoch 6/30 | lr 0.0505 | train_loss 0.5049 | train_acc 0.8396 | test_loss 2.1023 | test_acc 0.5322 |
[INFO] iCaRL.py:84 > Task 2 | Epoch 7/30 | lr 0.0155 | train_loss 0.3417 | train_acc 0.8988 | test_loss 1.9413 | test_acc 0.5692 |
[INFO] iCaRL.py:84 > Task 2 | Epoch 8/30 | lr 0.1000 | train_loss 0.5481 | train_acc 0.8241 | test_loss 2.7247 | test_acc 0.4757 |
[INFO] iCaRL.py:84 > Task 2 | Epoch 9/30 | lr 0.0962 | train_loss 0.5690 | train_acc 0.8130 | test_loss 2.5280 | test_acc 0.5057 |
[INFO] iCaRL.py:84 > Task 2 | Epoch 10/30 | lr 0.0855 | train_loss 0.4536 | train_acc 0.8536 | test_loss 2.5142 | test_acc 0.5270 |
[INFO] iCaRL.py:84 > Task 2 | Epoch 11/30 | lr 0.0694 | train_loss 0.3334 | train_acc 0.8874 | test_loss 2.1945 | test_acc 0.5565 |
[INFO] iCaRL.py:84 > Task 2 | Epoch 12/30 | lr 0.0505 | train_loss 0.2186 | train_acc 0.9332 | test_loss 2.2158 | test_acc 0.5663 |
[INFO] iCaRL.py:84 > Task 2 | Epoch 13/30 | lr 0.0316 | train_loss 0.1354 | train_acc 0.9622 | test_loss 2.1640 | test_acc 0.5663 |
[INFO] iCaRL.py:84 > Task 2 | Epoch 14/30 | lr 0.0155 | train_loss 0.0956 | train_acc 0.9787 | test_loss 2.1539 | test_acc 0.5773 |
[INFO] iCaRL.py:84 > Task 2 | Epoch 15/30 | lr 0.0048 | train_loss 0.0783 | train_acc 0.9843 | test_loss 2.1674 | test_acc 0.5787 |
[INFO] iCaRL.py:84 > Task 2 | Epoch 16/30 | lr 0.1000 | train_loss 0.2428 | train_acc 0.9220 | test_loss 2.7907 | test_acc 0.5078 |
[INFO] iCaRL.py:84 > Task 2 | Epoch 17/30 | lr 0.0990 | train_loss 0.4156 | train_acc 0.8635 | test_loss 2.7570 | test_acc 0.5028 |
[INFO] iCaRL.py:84 > Task 2 | Epoch 18/30 | lr 0.0962 | train_loss 0.3585 | train_acc 0.8828 | test_loss 2.6534 | test_acc 0.5145 |
[INFO] iCaRL.py:84 > Task 2 | Epoch 19/30 | lr 0.0917 | train_loss 0.2919 | train_acc 0.9020 | test_loss 2.7110 | test_acc 0.5138 |
[INFO] iCaRL.py:84 > Task 2 | Epoch 20/30 | lr 0.0855 | train_loss 0.2440 | train_acc 0.9213 | test_loss 2.5883 | test_acc 0.5333 |
[INFO] iCaRL.py:84 > Task 2 | Epoch 21/30 | lr 0.0780 | train_loss 0.1697 | train_acc 0.9426 | test_loss 2.6714 | test_acc 0.5237 |
[INFO] iCaRL.py:84 > Task 2 | Epoch 22/30 | lr 0.0694 | train_loss 0.1128 | train_acc 0.9659 | test_loss 2.6410 | test_acc 0.5435 |
[INFO] iCaRL.py:84 > Task 2 | Epoch 23/30 | lr 0.0602 | train_loss 0.0803 | train_acc 0.9766 | test_loss 2.4218 | test_acc 0.5690 |
[INFO] iCaRL.py:84 > Task 2 | Epoch 24/30 | lr 0.0505 | train_loss 0.0569 | train_acc 0.9859 | test_loss 2.4096 | test_acc 0.5752 |
[INFO] iCaRL.py:84 > Task 2 | Epoch 25/30 | lr 0.0408 | train_loss 0.0371 | train_acc 0.9920 | test_loss 2.3958 | test_acc 0.5813 |
[INFO] iCaRL.py:84 > Task 2 | Epoch 26/30 | lr 0.0316 | train_loss 0.0258 | train_acc 0.9952 | test_loss 2.3767 | test_acc 0.5838 |
[INFO] iCaRL.py:84 > Task 2 | Epoch 27/30 | lr 0.0230 | train_loss 0.0208 | train_acc 0.9972 | test_loss 2.3790 | test_acc 0.5858 |
[INFO] iCaRL.py:84 > Task 2 | Epoch 28/30 | lr 0.0155 | train_loss 0.0185 | train_acc 0.9969 | test_loss 2.3659 | test_acc 0.5897 |
[INFO] iCaRL.py:84 > Task 2 | Epoch 29/30 | lr 0.0093 | train_loss 0.0162 | train_acc 0.9976 | test_loss 2.3783 | test_acc 0.5882 |
[INFO] iCaRL.py:84 > Task 2 | Epoch 30/30 | lr 0.0048 | train_loss 0.0158 | train_acc 0.9977 | test_loss 2.3725 | test_acc 0.5895 |
[INFO] iCaRL.py:106 > ############### reduce exemplar set ###############
[INFO] iCaRL.py:111 > ############### construct exemplar set ###############
[INFO] iCaRL.py:116 > ############### caculate exemplar mean ###############
[INFO] iCaRL.py:121 > ########## evaluate using nearest mean exempalrs classification ##########
[INFO] iCaRL.py:197 > total accuracy:59.317%
[INFO] main.py:97 > set train/test datalist for the current task!
[INFO] finetune.py:98 > Apply before_task
[INFO] finetune.py:102 > Increasing fc layer:  60  ---->  80
[INFO] finetune.py:121 > Reset the optimizer and scheduler states
[INFO] iCaRL.py:39 > ##########Start Training##########
[INFO] iCaRL.py:48 > New training samples: 10000
[INFO] iCaRL.py:49 > In-memory samples: 1980
[INFO] iCaRL.py:50 > Train samples: 11980
[INFO] iCaRL.py:51 > Test samples: 8000
[INFO] iCaRL.py:84 > Task 3 | Epoch 1/30 | lr 0.1000 | train_loss 1.8542 | train_acc 0.5651 | test_loss 2.6482 | test_acc 0.4213 |
[INFO] iCaRL.py:84 > Task 3 | Epoch 2/30 | lr 0.1000 | train_loss 0.8331 | train_acc 0.7422 | test_loss 2.5972 | test_acc 0.4315 |
[INFO] iCaRL.py:84 > Task 3 | Epoch 3/30 | lr 0.0505 | train_loss 0.5424 | train_acc 0.8322 | test_loss 2.4359 | test_acc 0.4804 |
[INFO] iCaRL.py:84 > Task 3 | Epoch 4/30 | lr 0.1000 | train_loss 0.5487 | train_acc 0.8259 | test_loss 2.9777 | test_acc 0.4311 |
[INFO] iCaRL.py:84 > Task 3 | Epoch 5/30 | lr 0.0855 | train_loss 0.4485 | train_acc 0.8592 | test_loss 2.6883 | test_acc 0.4723 |
[INFO] iCaRL.py:84 > Task 3 | Epoch 6/30 | lr 0.0505 | train_loss 0.2686 | train_acc 0.9190 | test_loss 2.5282 | test_acc 0.4960 |
[INFO] iCaRL.py:84 > Task 3 | Epoch 7/30 | lr 0.0155 | train_loss 0.1568 | train_acc 0.9594 | test_loss 2.4605 | test_acc 0.5098 |
[INFO] iCaRL.py:84 > Task 3 | Epoch 8/30 | lr 0.1000 | train_loss 0.2857 | train_acc 0.9084 | test_loss 3.3241 | test_acc 0.4211 |
[INFO] iCaRL.py:84 > Task 3 | Epoch 9/30 | lr 0.0962 | train_loss 0.3352 | train_acc 0.8894 | test_loss 3.2167 | test_acc 0.4336 |
[INFO] iCaRL.py:84 > Task 3 | Epoch 10/30 | lr 0.0855 | train_loss 0.2638 | train_acc 0.9155 | test_loss 2.9161 | test_acc 0.4759 |
[INFO] iCaRL.py:84 > Task 3 | Epoch 11/30 | lr 0.0694 | train_loss 0.1672 | train_acc 0.9475 | test_loss 2.8536 | test_acc 0.4903 |
[INFO] iCaRL.py:84 > Task 3 | Epoch 12/30 | lr 0.0505 | train_loss 0.0991 | train_acc 0.9705 | test_loss 2.7702 | test_acc 0.5045 |
[INFO] iCaRL.py:84 > Task 3 | Epoch 13/30 | lr 0.0316 | train_loss 0.0548 | train_acc 0.9873 | test_loss 2.6761 | test_acc 0.5166 |
[INFO] iCaRL.py:84 > Task 3 | Epoch 14/30 | lr 0.0155 | train_loss 0.0387 | train_acc 0.9921 | test_loss 2.7082 | test_acc 0.5185 |
[INFO] iCaRL.py:84 > Task 3 | Epoch 15/30 | lr 0.0048 | train_loss 0.0340 | train_acc 0.9941 | test_loss 2.7243 | test_acc 0.5191 |
[INFO] iCaRL.py:84 > Task 3 | Epoch 16/30 | lr 0.1000 | train_loss 0.0784 | train_acc 0.9782 | test_loss 3.2349 | test_acc 0.4540 |
[INFO] iCaRL.py:84 > Task 3 | Epoch 17/30 | lr 0.0990 | train_loss 0.1671 | train_acc 0.9452 | test_loss 3.1966 | test_acc 0.4656 |
[INFO] iCaRL.py:84 > Task 3 | Epoch 18/30 | lr 0.0962 | train_loss 0.2304 | train_acc 0.9231 | test_loss 3.0318 | test_acc 0.4710 |
[INFO] iCaRL.py:84 > Task 3 | Epoch 19/30 | lr 0.0917 | train_loss 0.2023 | train_acc 0.9328 | test_loss 3.0637 | test_acc 0.4840 |
[INFO] iCaRL.py:84 > Task 3 | Epoch 20/30 | lr 0.0855 | train_loss 0.1613 | train_acc 0.9454 | test_loss 3.3295 | test_acc 0.4589 |
[INFO] iCaRL.py:84 > Task 3 | Epoch 21/30 | lr 0.0780 | train_loss 0.1206 | train_acc 0.9611 | test_loss 3.1230 | test_acc 0.4839 |
[INFO] iCaRL.py:84 > Task 3 | Epoch 22/30 | lr 0.0694 | train_loss 0.0663 | train_acc 0.9816 | test_loss 2.9456 | test_acc 0.4996 |
[INFO] iCaRL.py:84 > Task 3 | Epoch 23/30 | lr 0.0602 | train_loss 0.0431 | train_acc 0.9884 | test_loss 2.9214 | test_acc 0.5090 |
[INFO] iCaRL.py:84 > Task 3 | Epoch 24/30 | lr 0.0505 | train_loss 0.0270 | train_acc 0.9935 | test_loss 2.8854 | test_acc 0.5159 |
[INFO] iCaRL.py:84 > Task 3 | Epoch 25/30 | lr 0.0408 | train_loss 0.0188 | train_acc 0.9966 | test_loss 2.8977 | test_acc 0.5134 |
[INFO] iCaRL.py:84 > Task 3 | Epoch 26/30 | lr 0.0316 | train_loss 0.0144 | train_acc 0.9980 | test_loss 2.8754 | test_acc 0.5190 |
[INFO] iCaRL.py:84 > Task 3 | Epoch 27/30 | lr 0.0230 | train_loss 0.0108 | train_acc 0.9982 | test_loss 2.8784 | test_acc 0.5224 |
[INFO] iCaRL.py:84 > Task 3 | Epoch 28/30 | lr 0.0155 | train_loss 0.0101 | train_acc 0.9992 | test_loss 2.8673 | test_acc 0.5254 |
[INFO] iCaRL.py:84 > Task 3 | Epoch 29/30 | lr 0.0093 | train_loss 0.0090 | train_acc 0.9992 | test_loss 2.8720 | test_acc 0.5248 |
[INFO] iCaRL.py:84 > Task 3 | Epoch 30/30 | lr 0.0048 | train_loss 0.0093 | train_acc 0.9988 | test_loss 2.8645 | test_acc 0.5276 |
[INFO] iCaRL.py:106 > ############### reduce exemplar set ###############
[INFO] iCaRL.py:111 > ############### construct exemplar set ###############
[INFO] iCaRL.py:116 > ############### caculate exemplar mean ###############
[INFO] iCaRL.py:121 > ########## evaluate using nearest mean exempalrs classification ##########
[INFO] iCaRL.py:197 > total accuracy:56.588%
[INFO] main.py:97 > set train/test datalist for the current task!
[INFO] finetune.py:98 > Apply before_task
[INFO] finetune.py:102 > Increasing fc layer:  80  ---->  100
[INFO] finetune.py:121 > Reset the optimizer and scheduler states
[INFO] iCaRL.py:39 > ##########Start Training##########
[INFO] iCaRL.py:48 > New training samples: 10000
[INFO] iCaRL.py:49 > In-memory samples: 2000
[INFO] iCaRL.py:50 > Train samples: 12000
[INFO] iCaRL.py:51 > Test samples: 10000
[INFO] iCaRL.py:84 > Task 4 | Epoch 1/30 | lr 0.1000 | train_loss 1.7855 | train_acc 0.6002 | test_loss 3.1965 | test_acc 0.3655 |
[INFO] iCaRL.py:84 > Task 4 | Epoch 2/30 | lr 0.1000 | train_loss 0.6866 | train_acc 0.7876 | test_loss 3.1045 | test_acc 0.3946 |
[INFO] iCaRL.py:84 > Task 4 | Epoch 3/30 | lr 0.0505 | train_loss 0.4110 | train_acc 0.8727 | test_loss 2.8233 | test_acc 0.4406 |
[INFO] iCaRL.py:84 > Task 4 | Epoch 4/30 | lr 0.1000 | train_loss 0.3979 | train_acc 0.8777 | test_loss 3.2460 | test_acc 0.4022 |
[INFO] iCaRL.py:84 > Task 4 | Epoch 5/30 | lr 0.0855 | train_loss 0.3273 | train_acc 0.8989 | test_loss 3.0937 | test_acc 0.4317 |
[INFO] iCaRL.py:84 > Task 4 | Epoch 6/30 | lr 0.0505 | train_loss 0.1832 | train_acc 0.9441 | test_loss 2.9348 | test_acc 0.4623 |
[INFO] iCaRL.py:84 > Task 4 | Epoch 7/30 | lr 0.0155 | train_loss 0.1016 | train_acc 0.9765 | test_loss 2.9598 | test_acc 0.4676 |
[INFO] iCaRL.py:84 > Task 4 | Epoch 8/30 | lr 0.1000 | train_loss 0.1754 | train_acc 0.9456 | test_loss 3.3690 | test_acc 0.4271 |
[INFO] iCaRL.py:84 > Task 4 | Epoch 9/30 | lr 0.0962 | train_loss 0.2237 | train_acc 0.9293 | test_loss 3.4897 | test_acc 0.4167 |
[INFO] iCaRL.py:84 > Task 4 | Epoch 10/30 | lr 0.0855 | train_loss 0.1855 | train_acc 0.9410 | test_loss 3.3718 | test_acc 0.4385 |
[INFO] iCaRL.py:84 > Task 4 | Epoch 11/30 | lr 0.0694 | train_loss 0.1176 | train_acc 0.9639 | test_loss 3.2723 | test_acc 0.4519 |
[INFO] iCaRL.py:84 > Task 4 | Epoch 12/30 | lr 0.0505 | train_loss 0.0660 | train_acc 0.9817 | test_loss 3.2035 | test_acc 0.4667 |
[INFO] iCaRL.py:84 > Task 4 | Epoch 13/30 | lr 0.0316 | train_loss 0.0341 | train_acc 0.9932 | test_loss 3.2253 | test_acc 0.4702 |
[INFO] iCaRL.py:84 > Task 4 | Epoch 14/30 | lr 0.0155 | train_loss 0.0263 | train_acc 0.9956 | test_loss 3.2692 | test_acc 0.4695 |
[INFO] iCaRL.py:84 > Task 4 | Epoch 15/30 | lr 0.0048 | train_loss 0.0214 | train_acc 0.9964 | test_loss 3.2386 | test_acc 0.4730 |
[INFO] iCaRL.py:84 > Task 4 | Epoch 16/30 | lr 0.1000 | train_loss 0.0463 | train_acc 0.9884 | test_loss 3.3709 | test_acc 0.4521 |
[INFO] iCaRL.py:84 > Task 4 | Epoch 17/30 | lr 0.0990 | train_loss 0.1197 | train_acc 0.9622 | test_loss 3.6301 | test_acc 0.4262 |
[INFO] iCaRL.py:84 > Task 4 | Epoch 18/30 | lr 0.0962 | train_loss 0.1423 | train_acc 0.9563 | test_loss 3.5868 | test_acc 0.4266 |
[INFO] iCaRL.py:84 > Task 4 | Epoch 19/30 | lr 0.0917 | train_loss 0.1321 | train_acc 0.9586 | test_loss 3.5953 | test_acc 0.4366 |
[INFO] iCaRL.py:84 > Task 4 | Epoch 20/30 | lr 0.0855 | train_loss 0.1055 | train_acc 0.9677 | test_loss 3.4551 | test_acc 0.4467 |
[INFO] iCaRL.py:84 > Task 4 | Epoch 21/30 | lr 0.0780 | train_loss 0.0810 | train_acc 0.9748 | test_loss 3.7644 | test_acc 0.4409 |
[INFO] iCaRL.py:84 > Task 4 | Epoch 22/30 | lr 0.0694 | train_loss 0.0605 | train_acc 0.9827 | test_loss 3.5373 | test_acc 0.4537 |
[INFO] iCaRL.py:84 > Task 4 | Epoch 23/30 | lr 0.0602 | train_loss 0.0340 | train_acc 0.9914 | test_loss 3.3744 | test_acc 0.4714 |
[INFO] iCaRL.py:84 > Task 4 | Epoch 24/30 | lr 0.0505 | train_loss 0.0207 | train_acc 0.9952 | test_loss 3.3507 | test_acc 0.4687 |
[INFO] iCaRL.py:84 > Task 4 | Epoch 25/30 | lr 0.0408 | train_loss 0.0143 | train_acc 0.9978 | test_loss 3.3119 | test_acc 0.4720 |
[INFO] iCaRL.py:84 > Task 4 | Epoch 26/30 | lr 0.0316 | train_loss 0.0105 | train_acc 0.9984 | test_loss 3.2811 | test_acc 0.4755 |
[INFO] iCaRL.py:84 > Task 4 | Epoch 27/30 | lr 0.0230 | train_loss 0.0095 | train_acc 0.9987 | test_loss 3.2935 | test_acc 0.4793 |
[INFO] iCaRL.py:84 > Task 4 | Epoch 28/30 | lr 0.0155 | train_loss 0.0071 | train_acc 0.9993 | test_loss 3.2908 | test_acc 0.4782 |
[INFO] iCaRL.py:84 > Task 4 | Epoch 29/30 | lr 0.0093 | train_loss 0.0062 | train_acc 0.9997 | test_loss 3.3160 | test_acc 0.4776 |
[INFO] iCaRL.py:84 > Task 4 | Epoch 30/30 | lr 0.0048 | train_loss 0.0062 | train_acc 0.9993 | test_loss 3.3006 | test_acc 0.4779 |
[INFO] iCaRL.py:106 > ############### reduce exemplar set ###############
[INFO] iCaRL.py:111 > ############### construct exemplar set ###############
[INFO] iCaRL.py:116 > ############### caculate exemplar mean ###############
[INFO] iCaRL.py:121 > ########## evaluate using nearest mean exempalrs classification ##########
[INFO] iCaRL.py:197 > total accuracy:53.840%
[INFO] main.py:122 > ======== Summary =======
[INFO] main.py:123 > A_last 0.4793
